2017/03/25 17:01:41 [1;34m[asm_amd64.s:2086][I] http server Running on :8080[0m
2017/03/25 17:03:41 [1;34m[router.go:828][D] | GET        | /                                        | 1.36843ms        | match      | /                                        | [0m
2017/03/25 17:03:43 [1;34m[router.go:828][D] | POST       | /                                        | 11.247675ms      | match      | /                                        | [0m
2017/03/25 17:03:43 [1;34m[router.go:828][D] | POST       | /                                        | 1.87497ms        | match      | /                                        | [0m
2017/03/25 17:03:44 [1;34m[router.go:828][D] | POST       | /                                        | 1.465384037s     | match      | /                                        | [0m
2017/03/25 17:04:07 [1;34m[router.go:828][D] | GET        | /                                        | 912.21µs         | match      | /                                        | [0m
2017/03/25 17:05:46 [1;34m[router.go:828][D] | GET        | /                                        | 918.006µs        | match      | /                                        | [0m
2017/03/25 17:05:46 [1;34m[router.go:828][D] | POST       | /                                        | 748.285µs        | match      | /                                        | [0m
2017/03/25 17:05:46 [1;34m[router.go:828][D] | POST       | /                                        | 1.562372ms       | match      | /                                        | [0m
2017/03/25 17:05:46 [1;33m[staticfile.go:51][W] Can't find/open the file:  /favicon.ico file not find [0m
2017/03/25 17:05:46 [1;34m[router.go:828][D] | POST       | /                                        | 219.131202ms     | match      | /                                        | [0m
2017/03/25 17:05:57 [1;34m[router.go:828][D] | POST       | /proess                                  | 9.006045798s     | match      | /proess                                  | [0m
2017/03/25 17:12:23 [1;34m[router.go:828][D] | GET        | /                                        | 2.257728ms       | match      | /                                        | [0m
2017/03/25 17:12:26 [1;34m[router.go:828][D] | POST       | /                                        | 1.637085ms       | match      | /                                        | [0m
2017/03/25 17:12:26 [1;34m[router.go:828][D] | POST       | /                                        | 6.055398ms       | match      | /                                        | [0m
2017/03/25 17:12:27 [1;34m[router.go:828][D] | POST       | /                                        | 777.438525ms     | match      | /                                        | [0m
2017/03/25 17:12:40 [1;34m[router.go:828][D] | POST       | /proess                                  | 8.46788971s      | match      | /proess                                  | [0m
2017/03/25 17:12:55 [1;34m[router.go:828][D] | POST       | /proess                                  | 8.250833721s     | match      | /proess                                  | [0m
2017/03/25 18:18:33 [1;34m[router.go:828][D] | POST       | /proess                                  | 39.408750607s    | match      | /proess                                  | [0m
2017/03/25 18:21:41 [1;34m[router.go:828][D] | GET        | /echo.php                                | 2.369344ms       | notmatch   | [0m
2017/03/25 19:16:26 [1;34m[router.go:828][D] | POST       | /proess                                  | 9.441953564s     | match      | /proess                                  | [0m
2017/03/25 19:17:53 [1;34m[router.go:828][D] | POST       | /proess                                  | 8.480806704s     | match      | /proess                                  | [0m
2017/03/25 19:23:45 [1;34m[router.go:828][D] | POST       | /proess                                  | 9.038093767s     | match      | /proess                                  | [0m
2017/03/25 19:25:48 [1;34m[router.go:828][D] | GET        | /setup.cgi                               | 575.983µs        | notmatch   | [0m
2017/03/25 20:10:07 [1;34m[router.go:828][D] | POST       | /proess                                  | 8.807526575s     | match      | /proess                                  | [0m
2017/03/25 20:10:18 [1;34m[router.go:828][D] | POST       | /proess                                  | 8.911715255s     | match      | /proess                                  | [0m
2017/03/25 20:12:15 [1;34m[router.go:828][D] | GET        | /                                        | 1.983835ms       | match      | /                                        | [0m
2017/03/25 20:15:07 [1;34m[router.go:828][D] | POST       | /proess                                  | 8.878339946s     | match      | /proess                                  | [0m
2017/03/25 21:16:06 [1;34m[router.go:828][D] | POST       | /proess                                  | 9.017302231s     | match      | /proess                                  | [0m
